{"C:\\Users\\USER\\Desktop\\proyectos node\\crud\\src\\app.ts": {"path":"C:\\Users\\USER\\Desktop\\proyectos node\\crud\\src\\app.ts","statementMap":{"0":{"start":{"line":1,"column":0},"end":{"line":1,"column":30}},"1":{"start":{"line":2,"column":0},"end":{"line":2,"column":44}},"2":{"start":{"line":4,"column":12},"end":{"line":4,"column":21}},"3":{"start":{"line":6,"column":0},"end":{"line":6,"column":24}},"4":{"start":{"line":8,"column":15},"end":{"line":8,"column":31}},"5":{"start":{"line":10,"column":0},"end":{"line":10,"column":null}},"6":{"start":{"line":12,"column":0},"end":{"line":14,"column":3}},"7":{"start":{"line":13,"column":4},"end":{"line":13,"column":36}},"8":{"start":{"line":16,"column":0},"end":{"line":16,"column":19}}},"fnMap":{"0":{"name":"(anonymous_1)","decl":{"start":{"line":12,"column":17},"end":{"line":12,"column":18}},"loc":{"start":{"line":12,"column":30},"end":{"line":14,"column":1}}}},"branchMap":{},"s":{"0":1,"1":1,"2":1,"3":1,"4":1,"5":1,"6":1,"7":0,"8":1},"f":{"0":0},"b":{}}
,"C:\\Users\\USER\\Desktop\\proyectos node\\crud\\src\\db\\db.ts": {"path":"C:\\Users\\USER\\Desktop\\proyectos node\\crud\\src\\db\\db.ts","statementMap":{"0":{"start":{"line":1,"column":0},"end":{"line":1,"column":35}},"1":{"start":{"line":2,"column":0},"end":{"line":2,"column":64}},"2":{"start":{"line":4,"column":13},"end":{"line":16,"column":null}}},"fnMap":{},"branchMap":{},"s":{"0":1,"1":1,"2":1},"f":{},"b":{}}
,"C:\\Users\\USER\\Desktop\\proyectos node\\crud\\src\\modules\\products\\controllers\\products.controller.ts": {"path":"C:\\Users\\USER\\Desktop\\proyectos node\\crud\\src\\modules\\products\\controllers\\products.controller.ts","statementMap":{"0":{"start":{"line":3,"column":0},"end":{"line":3,"column":61}},"1":{"start":{"line":9,"column":12},"end":{"line":9,"column":50}},"2":{"start":{"line":13,"column":11},"end":{"line":29,"column":null}},"3":{"start":{"line":13,"column":63},"end":{"line":29,"column":null}},"4":{"start":{"line":15,"column":8},"end":{"line":27,"column":9}},"5":{"start":{"line":16,"column":44},"end":{"line":16,"column":52}},"6":{"start":{"line":17,"column":28},"end":{"line":17,"column":87}},"7":{"start":{"line":18,"column":12},"end":{"line":22,"column":null}},"8":{"start":{"line":24,"column":12},"end":{"line":24,"column":64}},"9":{"start":{"line":25,"column":12},"end":{"line":25,"column":76}},"10":{"start":{"line":31,"column":11},"end":{"line":46,"column":null}},"11":{"start":{"line":31,"column":59},"end":{"line":46,"column":null}},"12":{"start":{"line":33,"column":8},"end":{"line":44,"column":9}},"13":{"start":{"line":34,"column":29},"end":{"line":34,"column":79}},"14":{"start":{"line":35,"column":12},"end":{"line":39,"column":null}},"15":{"start":{"line":41,"column":12},"end":{"line":43,"column":15}},"16":{"start":{"line":48,"column":11},"end":{"line":74,"column":null}},"17":{"start":{"line":48,"column":60},"end":{"line":74,"column":null}},"18":{"start":{"line":50,"column":31},"end":{"line":50,"column":54}},"19":{"start":{"line":53,"column":8},"end":{"line":72,"column":9}},"20":{"start":{"line":54,"column":28},"end":{"line":54,"column":87}},"21":{"start":{"line":55,"column":12},"end":{"line":67,"column":13}},"22":{"start":{"line":56,"column":16},"end":{"line":60,"column":null}},"23":{"start":{"line":62,"column":16},"end":{"line":66,"column":null}},"24":{"start":{"line":69,"column":12},"end":{"line":71,"column":15}},"25":{"start":{"line":76,"column":11},"end":{"line":93,"column":null}},"26":{"start":{"line":76,"column":63},"end":{"line":93,"column":null}},"27":{"start":{"line":78,"column":8},"end":{"line":91,"column":9}},"28":{"start":{"line":80,"column":53},"end":{"line":80,"column":61}},"29":{"start":{"line":81,"column":28},"end":{"line":81,"column":112}},"30":{"start":{"line":82,"column":12},"end":{"line":86,"column":null}},"31":{"start":{"line":88,"column":12},"end":{"line":88,"column":69}},"32":{"start":{"line":89,"column":12},"end":{"line":89,"column":76}},"33":{"start":{"line":6,"column":0},"end":{"line":6,"column":13}}},"fnMap":{"0":{"name":"(anonymous_7)","decl":{"start":{"line":11,"column":4},"end":{"line":11,"column":19}},"loc":{"start":{"line":11,"column":4},"end":{"line":11,"column":20}}},"1":{"name":"(anonymous_8)","decl":{"start":{"line":13,"column":27},"end":{"line":13,"column":34}},"loc":{"start":{"line":13,"column":63},"end":{"line":29,"column":null}}},"2":{"name":"(anonymous_9)","decl":{"start":{"line":13,"column":63},"end":{"line":13,"column":null}},"loc":{"start":{"line":13,"column":63},"end":{"line":29,"column":5}}},"3":{"name":"(anonymous_10)","decl":{"start":{"line":31,"column":25},"end":{"line":31,"column":32}},"loc":{"start":{"line":31,"column":59},"end":{"line":46,"column":null}}},"4":{"name":"(anonymous_11)","decl":{"start":{"line":31,"column":59},"end":{"line":31,"column":null}},"loc":{"start":{"line":31,"column":59},"end":{"line":46,"column":5}}},"5":{"name":"(anonymous_12)","decl":{"start":{"line":48,"column":24},"end":{"line":48,"column":31}},"loc":{"start":{"line":48,"column":60},"end":{"line":74,"column":null}}},"6":{"name":"(anonymous_13)","decl":{"start":{"line":48,"column":60},"end":{"line":48,"column":null}},"loc":{"start":{"line":48,"column":60},"end":{"line":74,"column":5}}},"7":{"name":"(anonymous_14)","decl":{"start":{"line":76,"column":27},"end":{"line":76,"column":34}},"loc":{"start":{"line":76,"column":63},"end":{"line":93,"column":null}}},"8":{"name":"(anonymous_15)","decl":{"start":{"line":76,"column":63},"end":{"line":76,"column":null}},"loc":{"start":{"line":76,"column":63},"end":{"line":93,"column":5}}}},"branchMap":{"0":{"loc":{"start":{"line":55,"column":12},"end":{"line":67,"column":13}},"type":"if","locations":[{"start":{"line":55,"column":12},"end":{"line":67,"column":13}},{"start":{"line":61,"column":18},"end":{"line":67,"column":13}}]}},"s":{"0":1,"1":1,"2":1,"3":2,"4":2,"5":2,"6":2,"7":2,"8":0,"9":0,"10":1,"11":2,"12":2,"13":2,"14":2,"15":0,"16":1,"17":2,"18":2,"19":2,"20":2,"21":2,"22":1,"23":1,"24":0,"25":1,"26":0,"27":0,"28":0,"29":0,"30":0,"31":0,"32":0,"33":1},"f":{"0":1,"1":2,"2":2,"3":2,"4":2,"5":2,"6":2,"7":0,"8":0},"b":{"0":[1,1]}}
,"C:\\Users\\USER\\Desktop\\proyectos node\\crud\\src\\modules\\products\\entities\\Products.ts": {"path":"C:\\Users\\USER\\Desktop\\proyectos node\\crud\\src\\modules\\products\\entities\\Products.ts","statementMap":{"0":{"start":{"line":1,"column":0},"end":{"line":1,"column":93}},"1":{"start":{"line":4,"column":7},"end":{"line":31,"column":null}},"2":{"start":{"line":4,"column":13},"end":{"line":4,"column":20}},"3":{"start":{"line":6,"column":4},"end":{"line":6,"column":null}},"4":{"start":{"line":9,"column":4},"end":{"line":9,"column":null}},"5":{"start":{"line":12,"column":4},"end":{"line":12,"column":null}},"6":{"start":{"line":15,"column":4},"end":{"line":15,"column":null}},"7":{"start":{"line":18,"column":4},"end":{"line":18,"column":null}},"8":{"start":{"line":21,"column":4},"end":{"line":21,"column":null}},"9":{"start":{"line":24,"column":4},"end":{"line":24,"column":null}},"10":{"start":{"line":27,"column":4},"end":{"line":27,"column":null}},"11":{"start":{"line":30,"column":4},"end":{"line":30,"column":null}},"12":{"start":{"line":4,"column":13},"end":{"line":31,"column":null}}},"fnMap":{},"branchMap":{},"s":{"0":1,"1":1,"2":1,"3":1,"4":1,"5":1,"6":1,"7":1,"8":1,"9":1,"10":1,"11":1,"12":1},"f":{},"b":{}}
,"C:\\Users\\USER\\Desktop\\proyectos node\\crud\\src\\modules\\products\\middlewares\\validateProduct.ts": {"path":"C:\\Users\\USER\\Desktop\\proyectos node\\crud\\src\\modules\\products\\middlewares\\validateProduct.ts","statementMap":{"0":{"start":{"line":4,"column":18},"end":{"line":19,"column":1}},"1":{"start":{"line":6,"column":30},"end":{"line":6,"column":32}},"2":{"start":{"line":9,"column":4},"end":{"line":11,"column":5}},"3":{"start":{"line":10,"column":8},"end":{"line":10,"column":62}},"4":{"start":{"line":13,"column":4},"end":{"line":15,"column":5}},"5":{"start":{"line":14,"column":8},"end":{"line":14,"column":71}},"6":{"start":{"line":17,"column":4},"end":{"line":17,"column":21}},"7":{"start":{"line":21,"column":31},"end":{"line":33,"column":1}},"8":{"start":{"line":23,"column":36},"end":{"line":23,"column":44}},"9":{"start":{"line":25,"column":23},"end":{"line":25,"column":45}},"10":{"start":{"line":27,"column":4},"end":{"line":31,"column":5}},"11":{"start":{"line":28,"column":8},"end":{"line":28,"column":53}},"12":{"start":{"line":30,"column":8},"end":{"line":30,"column":15}},"13":{"start":{"line":21,"column":13},"end":{"line":21,"column":31}}},"fnMap":{"0":{"name":"(anonymous_0)","decl":{"start":{"line":4,"column":18},"end":{"line":4,"column":19}},"loc":{"start":{"line":4,"column":45},"end":{"line":19,"column":1}}},"1":{"name":"(anonymous_1)","decl":{"start":{"line":21,"column":31},"end":{"line":21,"column":32}},"loc":{"start":{"line":21,"column":88},"end":{"line":33,"column":1}}}},"branchMap":{"0":{"loc":{"start":{"line":9,"column":4},"end":{"line":11,"column":5}},"type":"if","locations":[{"start":{"line":9,"column":4},"end":{"line":11,"column":5}}]},"1":{"loc":{"start":{"line":13,"column":4},"end":{"line":15,"column":5}},"type":"if","locations":[{"start":{"line":13,"column":4},"end":{"line":15,"column":5}}]},"2":{"loc":{"start":{"line":13,"column":8},"end":{"line":13,"column":69}},"type":"binary-expr","locations":[{"start":{"line":13,"column":8},"end":{"line":13,"column":44}},{"start":{"line":13,"column":48},"end":{"line":13,"column":69}}]},"3":{"loc":{"start":{"line":27,"column":4},"end":{"line":31,"column":5}},"type":"if","locations":[{"start":{"line":27,"column":4},"end":{"line":31,"column":5}},{"start":{"line":29,"column":10},"end":{"line":31,"column":5}}]}},"s":{"0":1,"1":2,"2":2,"3":0,"4":2,"5":0,"6":2,"7":1,"8":2,"9":2,"10":2,"11":0,"12":2,"13":1},"f":{"0":2,"1":2},"b":{"0":[0],"1":[0],"2":[2,2],"3":[0,2]}}
,"C:\\Users\\USER\\Desktop\\proyectos node\\crud\\src\\modules\\products\\repositories\\products.repository.ts": {"path":"C:\\Users\\USER\\Desktop\\proyectos node\\crud\\src\\modules\\products\\repositories\\products.repository.ts","statementMap":{"0":{"start":{"line":1,"column":0},"end":{"line":1,"column":47}},"1":{"start":{"line":2,"column":0},"end":{"line":2,"column":47}},"2":{"start":{"line":7,"column":12},"end":{"line":7,"column":71}},"3":{"start":{"line":15,"column":24},"end":{"line":15,"column":59}},"4":{"start":{"line":17,"column":8},"end":{"line":17,"column":58}},"5":{"start":{"line":23,"column":8},"end":{"line":23,"column":51}},"6":{"start":{"line":29,"column":8},"end":{"line":29,"column":60}},"7":{"start":{"line":35,"column":24},"end":{"line":35,"column":54}},"8":{"start":{"line":38,"column":8},"end":{"line":38,"column":null}},"9":{"start":{"line":38,"column":21},"end":{"line":38,"column":null}},"10":{"start":{"line":40,"column":8},"end":{"line":40,"column":37}},"11":{"start":{"line":42,"column":8},"end":{"line":42,"column":58}},"12":{"start":{"line":5,"column":0},"end":{"line":5,"column":13}}},"fnMap":{"0":{"name":"(anonymous_7)","decl":{"start":{"line":9,"column":4},"end":{"line":9,"column":null}},"loc":{"start":{"line":9,"column":4},"end":{"line":11,"column":5}}},"1":{"name":"(anonymous_8)","decl":{"start":{"line":13,"column":10},"end":{"line":13,"column":23}},"loc":{"start":{"line":13,"column":40},"end":{"line":19,"column":null}}},"2":{"name":"(anonymous_10)","decl":{"start":{"line":21,"column":10},"end":{"line":21,"column":25}},"loc":{"start":{"line":21,"column":25},"end":{"line":25,"column":null}}},"3":{"name":"(anonymous_12)","decl":{"start":{"line":27,"column":10},"end":{"line":27,"column":25}},"loc":{"start":{"line":27,"column":35},"end":{"line":31,"column":null}}},"4":{"name":"(anonymous_14)","decl":{"start":{"line":33,"column":10},"end":{"line":33,"column":23}},"loc":{"start":{"line":33,"column":59},"end":{"line":44,"column":null}}}},"branchMap":{"0":{"loc":{"start":{"line":38,"column":8},"end":{"line":38,"column":null}},"type":"if","locations":[{"start":{"line":38,"column":8},"end":{"line":38,"column":null}}]}},"s":{"0":1,"1":1,"2":1,"3":2,"4":2,"5":2,"6":2,"7":0,"8":0,"9":0,"10":0,"11":0,"12":1},"f":{"0":1,"1":2,"2":2,"3":2,"4":0},"b":{"0":[0]}}
,"C:\\Users\\USER\\Desktop\\proyectos node\\crud\\src\\modules\\products\\routes\\products.route.ts": {"path":"C:\\Users\\USER\\Desktop\\proyectos node\\crud\\src\\modules\\products\\routes\\products.route.ts","statementMap":{"0":{"start":{"line":1,"column":0},"end":{"line":1,"column":72}},"1":{"start":{"line":2,"column":0},"end":{"line":2,"column":33}},"2":{"start":{"line":3,"column":0},"end":{"line":3,"column":65}},"3":{"start":{"line":11,"column":19},"end":{"line":11,"column":27}},"4":{"start":{"line":13,"column":30},"end":{"line":13,"column":54}},"5":{"start":{"line":15,"column":4},"end":{"line":15,"column":null}},"6":{"start":{"line":16,"column":4},"end":{"line":16,"column":null}},"7":{"start":{"line":17,"column":4},"end":{"line":17,"column":null}},"8":{"start":{"line":17,"column":58},"end":{"line":17,"column":99}},"9":{"start":{"line":18,"column":4},"end":{"line":18,"column":null}},"10":{"start":{"line":18,"column":62},"end":{"line":18,"column":103}},"11":{"start":{"line":20,"column":4},"end":{"line":20,"column":18}},"12":{"start":{"line":6,"column":0},"end":{"line":6,"column":13}}},"fnMap":{"0":{"name":"(anonymous_0)","decl":{"start":{"line":9,"column":2},"end":{"line":9,"column":8}},"loc":{"start":{"line":9,"column":19},"end":{"line":22,"column":3}}},"1":{"name":"(anonymous_1)","decl":{"start":{"line":17,"column":44},"end":{"line":17,"column":45}},"loc":{"start":{"line":17,"column":58},"end":{"line":17,"column":99}}},"2":{"name":"(anonymous_2)","decl":{"start":{"line":18,"column":48},"end":{"line":18,"column":49}},"loc":{"start":{"line":18,"column":62},"end":{"line":18,"column":103}}}},"branchMap":{},"s":{"0":1,"1":1,"2":1,"3":1,"4":1,"5":1,"6":1,"7":1,"8":2,"9":1,"10":0,"11":1,"12":1},"f":{"0":1,"1":2,"2":0},"b":{}}
,"C:\\Users\\USER\\Desktop\\proyectos node\\crud\\src\\modules\\products\\services\\product.service.ts": {"path":"C:\\Users\\USER\\Desktop\\proyectos node\\crud\\src\\modules\\products\\services\\product.service.ts","statementMap":{"0":{"start":{"line":1,"column":0},"end":{"line":1,"column":72}},"1":{"start":{"line":7,"column":12},"end":{"line":7,"column":56}},"2":{"start":{"line":12,"column":8},"end":{"line":12,"column":64}},"3":{"start":{"line":16,"column":8},"end":{"line":16,"column":62}},"4":{"start":{"line":20,"column":8},"end":{"line":20,"column":64}},"5":{"start":{"line":24,"column":8},"end":{"line":24,"column":74}},"6":{"start":{"line":5,"column":0},"end":{"line":5,"column":13}}},"fnMap":{"0":{"name":"(anonymous_7)","decl":{"start":{"line":9,"column":4},"end":{"line":9,"column":19}},"loc":{"start":{"line":9,"column":4},"end":{"line":9,"column":20}}},"1":{"name":"(anonymous_8)","decl":{"start":{"line":11,"column":10},"end":{"line":11,"column":30}},"loc":{"start":{"line":11,"column":47},"end":{"line":13,"column":null}}},"2":{"name":"(anonymous_10)","decl":{"start":{"line":15,"column":10},"end":{"line":15,"column":32}},"loc":{"start":{"line":15,"column":32},"end":{"line":17,"column":null}}},"3":{"name":"(anonymous_12)","decl":{"start":{"line":19,"column":10},"end":{"line":19,"column":32}},"loc":{"start":{"line":19,"column":42},"end":{"line":21,"column":null}}},"4":{"name":"(anonymous_14)","decl":{"start":{"line":23,"column":10},"end":{"line":23,"column":30}},"loc":{"start":{"line":23,"column":72},"end":{"line":25,"column":null}}}},"branchMap":{},"s":{"0":1,"1":1,"2":2,"3":2,"4":2,"5":0,"6":1},"f":{"0":1,"1":2,"2":2,"3":2,"4":0},"b":{}}
,"C:\\Users\\USER\\Desktop\\proyectos node\\crud\\src\\router\\router.ts": {"path":"C:\\Users\\USER\\Desktop\\proyectos node\\crud\\src\\router\\router.ts","statementMap":{"0":{"start":{"line":1,"column":0},"end":{"line":1,"column":33}},"1":{"start":{"line":3,"column":0},"end":{"line":3,"column":75}},"2":{"start":{"line":10,"column":19},"end":{"line":10,"column":27}},"3":{"start":{"line":12,"column":4},"end":{"line":12,"column":56}},"4":{"start":{"line":14,"column":4},"end":{"line":14,"column":18}},"5":{"start":{"line":6,"column":0},"end":{"line":6,"column":13}}},"fnMap":{"0":{"name":"(anonymous_0)","decl":{"start":{"line":8,"column":2},"end":{"line":8,"column":8}},"loc":{"start":{"line":8,"column":19},"end":{"line":15,"column":3}}}},"branchMap":{},"s":{"0":1,"1":1,"2":1,"3":1,"4":1,"5":1},"f":{"0":1},"b":{}}
,"C:\\Users\\USER\\Desktop\\proyectos node\\crud\\tests\\productosHelpers.ts": {"path":"C:\\Users\\USER\\Desktop\\proyectos node\\crud\\tests\\productosHelpers.ts","statementMap":{"0":{"start":{"line":1,"column":0},"end":{"line":1,"column":32}},"1":{"start":{"line":2,"column":0},"end":{"line":2,"column":29}},"2":{"start":{"line":3,"column":35},"end":{"line":18,"column":2}},"3":{"start":{"line":3,"column":46},"end":{"line":18,"column":2}},"4":{"start":{"line":4,"column":23},"end":{"line":12,"column":6}},"5":{"start":{"line":13,"column":21},"end":{"line":13,"column":85}},"6":{"start":{"line":14,"column":4},"end":{"line":16,"column":5}},"7":{"start":{"line":15,"column":8},"end":{"line":15,"column":61}},"8":{"start":{"line":17,"column":4},"end":{"line":17,"column":20}},"9":{"start":{"line":3,"column":13},"end":{"line":3,"column":35}},"10":{"start":{"line":20,"column":0},"end":{"line":20,"column":41}}},"fnMap":{"0":{"name":"(anonymous_8)","decl":{"start":{"line":3,"column":35},"end":{"line":3,"column":44}},"loc":{"start":{"line":3,"column":46},"end":{"line":18,"column":2}}},"1":{"name":"(anonymous_9)","decl":{"start":{"line":3,"column":46},"end":{"line":3,"column":null}},"loc":{"start":{"line":3,"column":46},"end":{"line":18,"column":1}}}},"branchMap":{"0":{"loc":{"start":{"line":14,"column":4},"end":{"line":16,"column":5}},"type":"if","locations":[{"start":{"line":14,"column":4},"end":{"line":16,"column":5}}]}},"s":{"0":1,"1":1,"2":1,"3":2,"4":2,"5":2,"6":2,"7":0,"8":2,"9":1,"10":1},"f":{"0":2,"1":2},"b":{"0":[0]}}
}
