TN:
SF:src\app.ts
FN:12,(anonymous_1)
FNF:1
FNH:0
FNDA:0,(anonymous_1)
DA:1,1
DA:2,1
DA:4,1
DA:6,1
DA:8,1
DA:10,1
DA:12,1
DA:13,0
DA:16,1
LF:9
LH:8
BRF:0
BRH:0
end_of_record
TN:
SF:src\db\db.ts
FNF:0
FNH:0
DA:1,1
DA:2,1
DA:4,1
LF:3
LH:3
BRF:0
BRH:0
end_of_record
TN:
SF:src\modules\products\controllers\products.controller.ts
FN:11,(anonymous_7)
FN:13,(anonymous_8)
FN:13,(anonymous_9)
FN:31,(anonymous_10)
FN:31,(anonymous_11)
FN:48,(anonymous_12)
FN:48,(anonymous_13)
FN:76,(anonymous_14)
FN:76,(anonymous_15)
FNF:9
FNH:7
FNDA:1,(anonymous_7)
FNDA:2,(anonymous_8)
FNDA:2,(anonymous_9)
FNDA:2,(anonymous_10)
FNDA:2,(anonymous_11)
FNDA:2,(anonymous_12)
FNDA:2,(anonymous_13)
FNDA:0,(anonymous_14)
FNDA:0,(anonymous_15)
DA:3,1
DA:6,1
DA:9,1
DA:13,2
DA:15,2
DA:16,2
DA:17,2
DA:18,2
DA:24,0
DA:25,0
DA:31,2
DA:33,2
DA:34,2
DA:35,2
DA:41,0
DA:48,2
DA:50,2
DA:53,2
DA:54,2
DA:55,2
DA:56,1
DA:62,1
DA:69,0
DA:76,1
DA:78,0
DA:80,0
DA:81,0
DA:82,0
DA:88,0
DA:89,0
LF:30
LH:20
BRDA:55,0,0,1
BRDA:55,0,1,1
BRF:2
BRH:2
end_of_record
TN:
SF:src\modules\products\entities\Products.ts
FNF:0
FNH:0
DA:1,1
DA:4,1
DA:6,1
DA:9,1
DA:12,1
DA:15,1
DA:18,1
DA:21,1
DA:24,1
DA:27,1
DA:30,1
LF:11
LH:11
BRF:0
BRH:0
end_of_record
TN:
SF:src\modules\products\middlewares\validateProduct.ts
FN:4,(anonymous_0)
FN:21,(anonymous_1)
FNF:2
FNH:2
FNDA:2,(anonymous_0)
FNDA:2,(anonymous_1)
DA:4,1
DA:6,2
DA:9,2
DA:10,0
DA:13,2
DA:14,0
DA:17,2
DA:21,1
DA:23,2
DA:25,2
DA:27,2
DA:28,0
DA:30,2
LF:13
LH:10
BRDA:9,0,0,0
BRDA:13,1,0,0
BRDA:13,2,0,2
BRDA:13,2,1,2
BRDA:27,3,0,0
BRDA:27,3,1,2
BRF:6
BRH:3
end_of_record
TN:
SF:src\modules\products\repositories\products.repository.ts
FN:9,(anonymous_7)
FN:13,(anonymous_8)
FN:21,(anonymous_10)
FN:27,(anonymous_12)
FN:33,(anonymous_14)
FNF:5
FNH:4
FNDA:1,(anonymous_7)
FNDA:2,(anonymous_8)
FNDA:2,(anonymous_10)
FNDA:2,(anonymous_12)
FNDA:0,(anonymous_14)
DA:1,1
DA:2,1
DA:5,1
DA:7,1
DA:15,2
DA:17,2
DA:23,2
DA:29,2
DA:35,0
DA:38,0
DA:40,0
DA:42,0
LF:12
LH:8
BRDA:38,0,0,0
BRF:1
BRH:0
end_of_record
TN:
SF:src\modules\products\routes\products.route.ts
FN:9,(anonymous_0)
FN:17,(anonymous_1)
FN:18,(anonymous_2)
FNF:3
FNH:2
FNDA:1,(anonymous_0)
FNDA:2,(anonymous_1)
FNDA:0,(anonymous_2)
DA:1,1
DA:2,1
DA:3,1
DA:6,1
DA:11,1
DA:13,1
DA:15,1
DA:16,1
DA:17,2
DA:18,1
DA:20,1
LF:11
LH:11
BRF:0
BRH:0
end_of_record
TN:
SF:src\modules\products\services\product.service.ts
FN:9,(anonymous_7)
FN:11,(anonymous_8)
FN:15,(anonymous_10)
FN:19,(anonymous_12)
FN:23,(anonymous_14)
FNF:5
FNH:4
FNDA:1,(anonymous_7)
FNDA:2,(anonymous_8)
FNDA:2,(anonymous_10)
FNDA:2,(anonymous_12)
FNDA:0,(anonymous_14)
DA:1,1
DA:5,1
DA:7,1
DA:12,2
DA:16,2
DA:20,2
DA:24,0
LF:7
LH:6
BRF:0
BRH:0
end_of_record
TN:
SF:src\router\router.ts
FN:8,(anonymous_0)
FNF:1
FNH:1
FNDA:1,(anonymous_0)
DA:1,1
DA:3,1
DA:6,1
DA:10,1
DA:12,1
DA:14,1
LF:6
LH:6
BRF:0
BRH:0
end_of_record
TN:
SF:tests\productosHelpers.ts
FN:3,(anonymous_8)
FN:3,(anonymous_9)
FNF:2
FNH:2
FNDA:2,(anonymous_8)
FNDA:2,(anonymous_9)
DA:1,1
DA:2,1
DA:3,2
DA:4,2
DA:13,2
DA:14,2
DA:15,0
DA:17,2
DA:20,1
LF:9
LH:8
BRDA:14,0,0,0
BRF:1
BRH:0
end_of_record
